<?xml version="1.0" encoding="UTF-8"?>
<!-- Generated by org.testng.reporters.JUnitReportReporter -->
<testsuite hostname="LTIN203454" failures="0" tests="3" name="root.H1_brpage" time="29.051" errors="0" timestamp="2024-02-23T12:45:32 IST" skipped="0">
  <testcase classname="root.H1_brpage" name="carloan" time="2.572"/>
  <system-out/>
  <testcase classname="root.H1_brpage" name="homeloan" time="21.911"/>
  <system-out/>
  <testcase classname="root.H1_brpage" name="UIcheck" time="4.568"/>
  <system-out/>
</testsuite> <!-- root.H1_brpage -->
