<?xml version="1.0" encoding="UTF-8"?>
<!-- Generated by org.testng.reporters.JUnitReportReporter -->
<testsuite hostname="LTIN203454" failures="0" tests="7" name="testCases.TC_01" time="36.593" errors="0" timestamp="2024-02-28T09:58:47 IST" skipped="0">
  <testcase classname="testCases.TC_01" name="carloan" time="1.280"/>
  <system-out/>
  <testcase classname="testCases.TC_01" name="carloan2" time="1.226"/>
  <system-out/>
  <testcase classname="testCases.TC_01" name="homeloan" time="14.657"/>
  <system-out/>
  <testcase classname="testCases.TC_01" name="homeloan2" time="14.140"/>
  <system-out/>
  <testcase classname="testCases.TC_01" name="UIcheck" time="4.424"/>
  <system-out/>
  <testcase classname="testCases.TC_01" name="UIcheck2" time="0.685"/>
  <system-out/>
  <testcase classname="testCases.TC_01" name="UIcheck3" time="0.181"/>
  <system-out/>
</testsuite> <!-- testCases.TC_01 -->
